This file contains any messages produced by compilers while
running configure, to aid debugging if configure makes a mistake.

It was created by sourdough configure 0.01, which was
generated by GNU Autoconf 2.69.  Invocation command line was

  $ ./configure 

## --------- ##
## Platform. ##
## --------- ##

hostname = tejas-u
uname -m = x86_64
uname -r = 3.13.0-45-generic
uname -s = Linux
uname -v = #74-Ubuntu SMP Tue Jan 13 19:36:28 UTC 2015

/usr/bin/uname -p = unknown
/bin/uname -X     = unknown

/bin/arch              = unknown
/usr/bin/arch -k       = unknown
/usr/convex/getsysinfo = unknown
/usr/bin/hostinfo      = unknown
/bin/machine           = unknown
/usr/bin/oslevel       = unknown
/bin/universe          = unknown

PATH: /usr/local/sbin
PATH: /usr/local/bin
PATH: /usr/sbin
PATH: /usr/bin
PATH: /sbin
PATH: /bin
PATH: /usr/games
PATH: /usr/local/games


## ----------- ##
## Core tests. ##
## ----------- ##

configure:2089: checking for a BSD-compatible install
configure:2157: result: /usr/bin/install -c
configure:2168: checking whether build environment is sane
configure:2223: result: yes
configure:2374: checking for a thread-safe mkdir -p
configure:2413: result: /bin/mkdir -p
configure:2420: checking for gawk
configure:2436: found /usr/bin/gawk
configure:2447: result: gawk
configure:2458: checking whether make sets $(MAKE)
configure:2480: result: yes
configure:2509: checking whether make supports nested variables
configure:2526: result: yes
configure:2719: checking for g++
configure:2735: found /usr/bin/g++
configure:2746: result: g++
configure:2773: checking for C++ compiler version
configure:2782: g++ --version >&5
g++ (Ubuntu 4.8.2-19ubuntu1) 4.8.2
Copyright (C) 2013 Free Software Foundation, Inc.
This is free software; see the source for copying conditions.  There is NO
warranty; not even for MERCHANTABILITY or FITNESS FOR A PARTICULAR PURPOSE.

configure:2793: $? = 0
configure:2782: g++ -v >&5
Using built-in specs.
COLLECT_GCC=g++
COLLECT_LTO_WRAPPER=/usr/lib/gcc/x86_64-linux-gnu/4.8/lto-wrapper
Target: x86_64-linux-gnu
Configured with: ../src/configure -v --with-pkgversion='Ubuntu 4.8.2-19ubuntu1' --with-bugurl=file:///usr/share/doc/gcc-4.8/README.Bugs --enable-languages=c,c++,java,go,d,fortran,objc,obj-c++ --prefix=/usr --program-suffix=-4.8 --enable-shared --enable-linker-build-id --libexecdir=/usr/lib --without-included-gettext --enable-threads=posix --with-gxx-include-dir=/usr/include/c++/4.8 --libdir=/usr/lib --enable-nls --with-sysroot=/ --enable-clocale=gnu --enable-libstdcxx-debug --enable-libstdcxx-time=yes --enable-gnu-unique-object --disable-libmudflap --enable-plugin --with-system-zlib --disable-browser-plugin --enable-java-awt=gtk --enable-gtk-cairo --with-java-home=/usr/lib/jvm/java-1.5.0-gcj-4.8-amd64/jre --enable-java-home --with-jvm-root-dir=/usr/lib/jvm/java-1.5.0-gcj-4.8-amd64 --with-jvm-jar-dir=/usr/lib/jvm-exports/java-1.5.0-gcj-4.8-amd64 --with-arch-directory=amd64 --with-ecj-jar=/usr/share/java/eclipse-ecj.jar --enable-objc-gc --enable-multiarch --disable-werror --with-arch-32=i686 --with-abi=m64 --with-multilib-list=m32,m64,mx32 --with-tune=generic --enable-checking=release --build=x86_64-linux-gnu --host=x86_64-linux-gnu --target=x86_64-linux-gnu
Thread model: posix
gcc version 4.8.2 (Ubuntu 4.8.2-19ubuntu1) 
configure:2793: $? = 0
configure:2782: g++ -V >&5
g++: error: unrecognized command line option '-V'
g++: fatal error: no input files
compilation terminated.
configure:2793: $? = 4
configure:2782: g++ -qversion >&5
g++: error: unrecognized command line option '-qversion'
g++: fatal error: no input files
compilation terminated.
configure:2793: $? = 4
configure:2813: checking whether the C++ compiler works
configure:2835: g++  -std=c++11 -pthread  conftest.cpp  >&5
configure:2839: $? = 0
configure:2887: result: yes
configure:2890: checking for C++ compiler default output file name
configure:2892: result: a.out
configure:2898: checking for suffix of executables
configure:2905: g++ -o conftest  -std=c++11 -pthread  conftest.cpp  >&5
configure:2909: $? = 0
configure:2931: result: 
configure:2953: checking whether we are cross compiling
configure:2961: g++ -o conftest  -std=c++11 -pthread  conftest.cpp  >&5
configure:2965: $? = 0
configure:2972: ./conftest
configure:2976: $? = 0
configure:2991: result: no
configure:2996: checking for suffix of object files
configure:3018: g++ -c  -std=c++11 -pthread conftest.cpp >&5
configure:3022: $? = 0
configure:3043: result: o
configure:3047: checking whether we are using the GNU C++ compiler
configure:3066: g++ -c  -std=c++11 -pthread conftest.cpp >&5
configure:3066: $? = 0
configure:3075: result: yes
configure:3084: checking whether g++ accepts -g
configure:3104: g++ -c -g -std=c++11 -pthread conftest.cpp >&5
configure:3104: $? = 0
configure:3145: result: yes
configure:3179: checking for style of include used by make
configure:3207: result: GNU
configure:3233: checking dependency style of g++
configure:3344: result: gcc3
configure:3402: checking for ranlib
configure:3418: found /usr/bin/ranlib
configure:3429: result: ranlib
configure:3505: checking for gcc
configure:3521: found /usr/bin/gcc
configure:3532: result: gcc
configure:3761: checking for C compiler version
configure:3770: gcc --version >&5
gcc (Ubuntu 4.8.2-19ubuntu1) 4.8.2
Copyright (C) 2013 Free Software Foundation, Inc.
This is free software; see the source for copying conditions.  There is NO
warranty; not even for MERCHANTABILITY or FITNESS FOR A PARTICULAR PURPOSE.

configure:3781: $? = 0
configure:3770: gcc -v >&5
Using built-in specs.
COLLECT_GCC=gcc
COLLECT_LTO_WRAPPER=/usr/lib/gcc/x86_64-linux-gnu/4.8/lto-wrapper
Target: x86_64-linux-gnu
Configured with: ../src/configure -v --with-pkgversion='Ubuntu 4.8.2-19ubuntu1' --with-bugurl=file:///usr/share/doc/gcc-4.8/README.Bugs --enable-languages=c,c++,java,go,d,fortran,objc,obj-c++ --prefix=/usr --program-suffix=-4.8 --enable-shared --enable-linker-build-id --libexecdir=/usr/lib --without-included-gettext --enable-threads=posix --with-gxx-include-dir=/usr/include/c++/4.8 --libdir=/usr/lib --enable-nls --with-sysroot=/ --enable-clocale=gnu --enable-libstdcxx-debug --enable-libstdcxx-time=yes --enable-gnu-unique-object --disable-libmudflap --enable-plugin --with-system-zlib --disable-browser-plugin --enable-java-awt=gtk --enable-gtk-cairo --with-java-home=/usr/lib/jvm/java-1.5.0-gcj-4.8-amd64/jre --enable-java-home --with-jvm-root-dir=/usr/lib/jvm/java-1.5.0-gcj-4.8-amd64 --with-jvm-jar-dir=/usr/lib/jvm-exports/java-1.5.0-gcj-4.8-amd64 --with-arch-directory=amd64 --with-ecj-jar=/usr/share/java/eclipse-ecj.jar --enable-objc-gc --enable-multiarch --disable-werror --with-arch-32=i686 --with-abi=m64 --with-multilib-list=m32,m64,mx32 --with-tune=generic --enable-checking=release --build=x86_64-linux-gnu --host=x86_64-linux-gnu --target=x86_64-linux-gnu
Thread model: posix
gcc version 4.8.2 (Ubuntu 4.8.2-19ubuntu1) 
configure:3781: $? = 0
configure:3770: gcc -V >&5
gcc: error: unrecognized command line option '-V'
gcc: fatal error: no input files
compilation terminated.
configure:3781: $? = 4
configure:3770: gcc -qversion >&5
gcc: error: unrecognized command line option '-qversion'
gcc: fatal error: no input files
compilation terminated.
configure:3781: $? = 4
configure:3785: checking whether we are using the GNU C compiler
configure:3804: gcc -c  -std=c++11 -pthread conftest.c >&5
cc1: warning: command line option '-std=c++11' is valid for C++/ObjC++ but not for C [enabled by default]
configure:3804: $? = 0
configure:3813: result: yes
configure:3822: checking whether gcc accepts -g
configure:3842: gcc -c -g -std=c++11 -pthread conftest.c >&5
cc1: warning: command line option '-std=c++11' is valid for C++/ObjC++ but not for C [enabled by default]
configure:3842: $? = 0
configure: failed program was:
| /* confdefs.h */
| #define PACKAGE_NAME "sourdough"
| #define PACKAGE_TARNAME "sourdough"
| #define PACKAGE_VERSION "0.01"
| #define PACKAGE_STRING "sourdough 0.01"
| #define PACKAGE_BUGREPORT "keithw@cs.stanford.edu"
| #define PACKAGE_URL ""
| #define PACKAGE "sourdough"
| #define VERSION "0.01"
| /* end confdefs.h.  */
| 
| int
| main ()
| {
| 
|   ;
|   return 0;
| }
configure:3857: gcc -c  -std=c++11 -pthread conftest.c >&5
cc1: warning: command line option '-std=c++11' is valid for C++/ObjC++ but not for C [enabled by default]
configure:3857: $? = 0
configure: failed program was:
| /* confdefs.h */
| #define PACKAGE_NAME "sourdough"
| #define PACKAGE_TARNAME "sourdough"
| #define PACKAGE_VERSION "0.01"
| #define PACKAGE_STRING "sourdough 0.01"
| #define PACKAGE_BUGREPORT "keithw@cs.stanford.edu"
| #define PACKAGE_URL ""
| #define PACKAGE "sourdough"
| #define VERSION "0.01"
| /* end confdefs.h.  */
| 
| int
| main ()
| {
| 
|   ;
|   return 0;
| }
configure:3873: gcc -c -g -std=c++11 -pthread conftest.c >&5
cc1: warning: command line option '-std=c++11' is valid for C++/ObjC++ but not for C [enabled by default]
configure:3873: $? = 0
configure:3883: result: yes
configure:3900: checking for gcc option to accept ISO C89
configure:3963: gcc  -c -g -O2 -std=c++11 -pthread conftest.c >&5
cc1: warning: command line option '-std=c++11' is valid for C++/ObjC++ but not for C [enabled by default]
configure:3963: $? = 0
configure:3976: result: none needed
configure:4001: checking whether gcc understands -c and -o together
configure:4023: gcc -c conftest.c -o conftest2.o
configure:4026: $? = 0
configure:4023: gcc -c conftest.c -o conftest2.o
configure:4026: $? = 0
configure:4038: result: yes
configure:4057: checking dependency style of gcc
configure:4168: result: gcc3
configure:4189: checking how to run the C preprocessor
configure:4220: gcc -E -std=c++11 -pthread conftest.c
cc1: warning: command line option '-std=c++11' is valid for C++/ObjC++ but not for C [enabled by default]
configure:4220: $? = 0
configure:4234: gcc -E -std=c++11 -pthread conftest.c
cc1: warning: command line option '-std=c++11' is valid for C++/ObjC++ but not for C [enabled by default]
conftest.c:11:28: fatal error: ac_nonexistent.h: No such file or directory
 #include <ac_nonexistent.h>
                            ^
compilation terminated.
configure:4234: $? = 1
configure: failed program was:
| /* confdefs.h */
| #define PACKAGE_NAME "sourdough"
| #define PACKAGE_TARNAME "sourdough"
| #define PACKAGE_VERSION "0.01"
| #define PACKAGE_STRING "sourdough 0.01"
| #define PACKAGE_BUGREPORT "keithw@cs.stanford.edu"
| #define PACKAGE_URL ""
| #define PACKAGE "sourdough"
| #define VERSION "0.01"
| /* end confdefs.h.  */
| #include <ac_nonexistent.h>
configure:4259: result: gcc -E
configure:4279: gcc -E -std=c++11 -pthread conftest.c
cc1: warning: command line option '-std=c++11' is valid for C++/ObjC++ but not for C [enabled by default]
configure:4279: $? = 0
configure:4293: gcc -E -std=c++11 -pthread conftest.c
cc1: warning: command line option '-std=c++11' is valid for C++/ObjC++ but not for C [enabled by default]
conftest.c:11:28: fatal error: ac_nonexistent.h: No such file or directory
 #include <ac_nonexistent.h>
                            ^
compilation terminated.
configure:4293: $? = 1
configure: failed program was:
| /* confdefs.h */
| #define PACKAGE_NAME "sourdough"
| #define PACKAGE_TARNAME "sourdough"
| #define PACKAGE_VERSION "0.01"
| #define PACKAGE_STRING "sourdough 0.01"
| #define PACKAGE_BUGREPORT "keithw@cs.stanford.edu"
| #define PACKAGE_URL ""
| #define PACKAGE "sourdough"
| #define VERSION "0.01"
| /* end confdefs.h.  */
| #include <ac_nonexistent.h>
configure:4322: checking for grep that handles long lines and -e
configure:4380: result: /bin/grep
configure:4385: checking for egrep
configure:4447: result: /bin/grep -E
configure:4452: checking for ANSI C header files
configure:4472: gcc -c -g -O2 -std=c++11 -pthread conftest.c >&5
cc1: warning: command line option '-std=c++11' is valid for C++/ObjC++ but not for C [enabled by default]
configure:4472: $? = 0
cc1: warning: command line option '-std=c++11' is valid for C++/ObjC++ but not for C [enabled by default]
cc1: warning: command line option '-std=c++11' is valid for C++/ObjC++ but not for C [enabled by default]
configure:4545: gcc -o conftest -g -O2 -std=c++11 -pthread  conftest.c  >&5
cc1: warning: command line option '-std=c++11' is valid for C++/ObjC++ but not for C [enabled by default]
configure:4545: $? = 0
configure:4545: ./conftest
configure:4545: $? = 0
configure:4556: result: yes
configure:4569: checking for sys/types.h
configure:4569: gcc -c -g -O2 -std=c++11 -pthread conftest.c >&5
cc1: warning: command line option '-std=c++11' is valid for C++/ObjC++ but not for C [enabled by default]
configure:4569: $? = 0
configure:4569: result: yes
configure:4569: checking for sys/stat.h
configure:4569: gcc -c -g -O2 -std=c++11 -pthread conftest.c >&5
cc1: warning: command line option '-std=c++11' is valid for C++/ObjC++ but not for C [enabled by default]
configure:4569: $? = 0
configure:4569: result: yes
configure:4569: checking for stdlib.h
configure:4569: gcc -c -g -O2 -std=c++11 -pthread conftest.c >&5
cc1: warning: command line option '-std=c++11' is valid for C++/ObjC++ but not for C [enabled by default]
configure:4569: $? = 0
configure:4569: result: yes
configure:4569: checking for string.h
configure:4569: gcc -c -g -O2 -std=c++11 -pthread conftest.c >&5
cc1: warning: command line option '-std=c++11' is valid for C++/ObjC++ but not for C [enabled by default]
configure:4569: $? = 0
configure:4569: result: yes
configure:4569: checking for memory.h
configure:4569: gcc -c -g -O2 -std=c++11 -pthread conftest.c >&5
cc1: warning: command line option '-std=c++11' is valid for C++/ObjC++ but not for C [enabled by default]
configure:4569: $? = 0
configure:4569: result: yes
configure:4569: checking for strings.h
configure:4569: gcc -c -g -O2 -std=c++11 -pthread conftest.c >&5
cc1: warning: command line option '-std=c++11' is valid for C++/ObjC++ but not for C [enabled by default]
configure:4569: $? = 0
configure:4569: result: yes
configure:4569: checking for inttypes.h
configure:4569: gcc -c -g -O2 -std=c++11 -pthread conftest.c >&5
cc1: warning: command line option '-std=c++11' is valid for C++/ObjC++ but not for C [enabled by default]
configure:4569: $? = 0
configure:4569: result: yes
configure:4569: checking for stdint.h
configure:4569: gcc -c -g -O2 -std=c++11 -pthread conftest.c >&5
cc1: warning: command line option '-std=c++11' is valid for C++/ObjC++ but not for C [enabled by default]
configure:4569: $? = 0
configure:4569: result: yes
configure:4569: checking for unistd.h
configure:4569: gcc -c -g -O2 -std=c++11 -pthread conftest.c >&5
cc1: warning: command line option '-std=c++11' is valid for C++/ObjC++ but not for C [enabled by default]
configure:4569: $? = 0
configure:4569: result: yes
configure:4581: checking for uint16_t
configure:4581: gcc -c -g -O2 -std=c++11 -pthread conftest.c >&5
cc1: warning: command line option '-std=c++11' is valid for C++/ObjC++ but not for C [enabled by default]
configure:4581: $? = 0
configure:4581: result: yes
configure:4707: checking that generated files are newer than configure
configure:4713: result: done
configure:4740: creating ./config.status

## ---------------------- ##
## Running config.status. ##
## ---------------------- ##

This file was extended by sourdough config.status 0.01, which was
generated by GNU Autoconf 2.69.  Invocation command line was

  CONFIG_FILES    = 
  CONFIG_HEADERS  = 
  CONFIG_LINKS    = 
  CONFIG_COMMANDS = 
  $ ./config.status 

on tejas-u

config.status:862: creating Makefile
config.status:862: creating src/Makefile
config.status:862: creating examples/Makefile
config.status:862: creating config.h
config.status:1043: config.h is unchanged
config.status:1091: executing depfiles commands

## ---------------- ##
## Cache variables. ##
## ---------------- ##

ac_cv_c_compiler_gnu=yes
ac_cv_c_uint16_t=yes
ac_cv_cxx_compiler_gnu=yes
ac_cv_env_CCC_set=
ac_cv_env_CCC_value=
ac_cv_env_CC_set=
ac_cv_env_CC_value=
ac_cv_env_CFLAGS_set=
ac_cv_env_CFLAGS_value=
ac_cv_env_CPPFLAGS_set=
ac_cv_env_CPPFLAGS_value=
ac_cv_env_CPP_set=
ac_cv_env_CPP_value=
ac_cv_env_CXXFLAGS_set=
ac_cv_env_CXXFLAGS_value=
ac_cv_env_CXX_set=
ac_cv_env_CXX_value=
ac_cv_env_LDFLAGS_set=
ac_cv_env_LDFLAGS_value=
ac_cv_env_LIBS_set=
ac_cv_env_LIBS_value=
ac_cv_env_build_alias_set=
ac_cv_env_build_alias_value=
ac_cv_env_host_alias_set=
ac_cv_env_host_alias_value=
ac_cv_env_target_alias_set=
ac_cv_env_target_alias_value=
ac_cv_header_inttypes_h=yes
ac_cv_header_memory_h=yes
ac_cv_header_stdc=yes
ac_cv_header_stdint_h=yes
ac_cv_header_stdlib_h=yes
ac_cv_header_string_h=yes
ac_cv_header_strings_h=yes
ac_cv_header_sys_stat_h=yes
ac_cv_header_sys_types_h=yes
ac_cv_header_unistd_h=yes
ac_cv_objext=o
ac_cv_path_EGREP='/bin/grep -E'
ac_cv_path_GREP=/bin/grep
ac_cv_path_install='/usr/bin/install -c'
ac_cv_path_mkdir=/bin/mkdir
ac_cv_prog_AWK=gawk
ac_cv_prog_CPP='gcc -E'
ac_cv_prog_ac_ct_CC=gcc
ac_cv_prog_ac_ct_CXX=g++
ac_cv_prog_ac_ct_RANLIB=ranlib
ac_cv_prog_cc_c89=
ac_cv_prog_cc_g=yes
ac_cv_prog_cxx_g=yes
ac_cv_prog_make_make_set=yes
am_cv_CC_dependencies_compiler_type=gcc3
am_cv_CXX_dependencies_compiler_type=gcc3
am_cv_make_support_nested_variables=yes
am_cv_prog_cc_c_o=yes

## ----------------- ##
## Output variables. ##
## ----------------- ##

ACLOCAL='${SHELL} /home/tejas/stanford_work/cs344g/sourdough/missing aclocal-1.14'
AMDEPBACKSLASH='\'
AMDEP_FALSE='#'
AMDEP_TRUE=''
AMTAR='$${TAR-tar}'
AM_BACKSLASH='\'
AM_DEFAULT_V='$(AM_DEFAULT_VERBOSITY)'
AM_DEFAULT_VERBOSITY='1'
AM_V='$(V)'
AUTOCONF='${SHELL} /home/tejas/stanford_work/cs344g/sourdough/missing autoconf'
AUTOHEADER='${SHELL} /home/tejas/stanford_work/cs344g/sourdough/missing autoheader'
AUTOMAKE='${SHELL} /home/tejas/stanford_work/cs344g/sourdough/missing automake-1.14'
AWK='gawk'
CC='gcc'
CCDEPMODE='depmode=gcc3'
CFLAGS='-g -O2'
CPP='gcc -E'
CPPFLAGS='-std=c++11 -pthread'
CXX='g++'
CXXDEPMODE='depmode=gcc3'
CXXFLAGS='-g -O2'
CYGPATH_W='echo'
DEFS='-DHAVE_CONFIG_H'
DEPDIR='.deps'
ECHO_C=''
ECHO_N='-n'
ECHO_T=''
EGREP='/bin/grep -E'
EXEEXT=''
GREP='/bin/grep'
INSTALL_DATA='${INSTALL} -m 644'
INSTALL_PROGRAM='${INSTALL}'
INSTALL_SCRIPT='${INSTALL}'
INSTALL_STRIP_PROGRAM='$(install_sh) -c -s'
LDFLAGS=''
LIBOBJS=''
LIBS=''
LTLIBOBJS=''
MAKEINFO='${SHELL} /home/tejas/stanford_work/cs344g/sourdough/missing makeinfo'
MKDIR_P='/bin/mkdir -p'
OBJEXT='o'
PACKAGE='sourdough'
PACKAGE_BUGREPORT='keithw@cs.stanford.edu'
PACKAGE_NAME='sourdough'
PACKAGE_STRING='sourdough 0.01'
PACKAGE_TARNAME='sourdough'
PACKAGE_URL=''
PACKAGE_VERSION='0.01'
PATH_SEPARATOR=':'
PICKY_CXXFLAGS='-pedantic -Wall -Wextra -Weffc++ -Werror'
RANLIB='ranlib'
SET_MAKE=''
SHELL='/bin/bash'
STRIP=''
VERSION='0.01'
ac_ct_CC='gcc'
ac_ct_CXX='g++'
am__EXEEXT_FALSE=''
am__EXEEXT_TRUE='#'
am__fastdepCC_FALSE='#'
am__fastdepCC_TRUE=''
am__fastdepCXX_FALSE='#'
am__fastdepCXX_TRUE=''
am__include='include'
am__isrc=''
am__leading_dot='.'
am__nodep='_no'
am__quote=''
am__tar='$${TAR-tar} chof - "$$tardir"'
am__untar='$${TAR-tar} xf -'
bindir='${exec_prefix}/bin'
build_alias=''
datadir='${datarootdir}'
datarootdir='${prefix}/share'
docdir='${datarootdir}/doc/${PACKAGE_TARNAME}'
dvidir='${docdir}'
exec_prefix='${prefix}'
host_alias=''
htmldir='${docdir}'
includedir='${prefix}/include'
infodir='${datarootdir}/info'
install_sh='${SHELL} /home/tejas/stanford_work/cs344g/sourdough/install-sh'
libdir='${exec_prefix}/lib'
libexecdir='${exec_prefix}/libexec'
localedir='${datarootdir}/locale'
localstatedir='${prefix}/var'
mandir='${datarootdir}/man'
mkdir_p='$(MKDIR_P)'
oldincludedir='/usr/include'
pdfdir='${docdir}'
prefix='/usr/local'
program_transform_name='s,x,x,'
psdir='${docdir}'
sbindir='${exec_prefix}/sbin'
sharedstatedir='${prefix}/com'
sysconfdir='${prefix}/etc'
target_alias=''

## ----------- ##
## confdefs.h. ##
## ----------- ##

/* confdefs.h */
#define PACKAGE_NAME "sourdough"
#define PACKAGE_TARNAME "sourdough"
#define PACKAGE_VERSION "0.01"
#define PACKAGE_STRING "sourdough 0.01"
#define PACKAGE_BUGREPORT "keithw@cs.stanford.edu"
#define PACKAGE_URL ""
#define PACKAGE "sourdough"
#define VERSION "0.01"
#define STDC_HEADERS 1
#define HAVE_SYS_TYPES_H 1
#define HAVE_SYS_STAT_H 1
#define HAVE_STDLIB_H 1
#define HAVE_STRING_H 1
#define HAVE_MEMORY_H 1
#define HAVE_STRINGS_H 1
#define HAVE_INTTYPES_H 1
#define HAVE_STDINT_H 1
#define HAVE_UNISTD_H 1

configure: exit 0
